#
# There is insufficient memory for the Java Runtime Environment to continue.
# Native memory allocation (malloc) failed to allocate 32744 bytes for ChunkPool::allocate
# Possible reasons:
#   The system is out of physical RAM or swap space
#   In 32 bit mode, the process size limit was hit
# Possible solutions:
#   Reduce memory load on the system
#   Increase physical memory or swap space
#   Check if swap backing store is full
#   Use 64 bit Java on a 64 bit OS
#   Decrease Java heap size (-Xmx/-Xms)
#   Decrease number of Java threads
#   Decrease Java thread stack sizes (-Xss)
#   Set larger code cache with -XX:ReservedCodeCacheSize=
# This output file may be truncated or incomplete.
#
#  Out of Memory Error (allocation.cpp:273), pid=13748, tid=0x0000000000003440
#
# JRE version: Java(TM) SE Runtime Environment (8.0_111-b14) (build 1.8.0_111-b14)
# Java VM: Java HotSpot(TM) 64-Bit Server VM (25.111-b14 mixed mode windows-amd64 compressed oops)
# Failed to write core dump. Minidumps are not enabled by default on client versions of Windows
#

---------------  T H R E A D  ---------------

Current thread (0x000000001536f800):  JavaThread "C1 CompilerThread2" daemon [_thread_in_native, id=13376, stack(0x0000000016bb0000,0x0000000016cb0000)]

Stack: [0x0000000016bb0000,0x0000000016cb0000]
[error occurred during error reporting (printing stack bounds), id 0xc0000005]

Native frames: (J=compiled Java code, j=interpreted, Vv=VM code, C=native code)


Current CompileTask:
C1:    520  157       3      
[error occurred during error reporting (printing current compile task), id 0xe0000001]


---------------  P R O C E S S  ---------------

Java Threads: ( => current thread )
  0x0000000016ce8800 JavaThread "Service Thread" daemon [_thread_blocked, id=13120, stack(0x00000000170b0000,0x00000000171b0000)]
=>0x000000001536f800 JavaThread "C1 CompilerThread2" daemon [_thread_in_native, id=13376, stack(0x0000000016bb0000,0x0000000016cb0000)]
  0x0000000015361000 JavaThread "C2 CompilerThread1" daemon [_thread_in_native, id=13444, stack(0x0000000016ab0000,0x0000000016bb0000)]
  0x000000001535e000 JavaThread "C2 CompilerThread0" daemon [_thread_in_native, id=12624, stack(0x00000000169b0000,0x0000000016ab0000)]
  0x000000001535c000 JavaThread "Attach Listener" daemon [_thread_blocked, id=13568, stack(0x00000000168b0000,0x00000000169b0000)]
  0x000000001535a800 JavaThread "Signal Dispatcher" daemon [_thread_blocked, id=13544, stack(0x00000000167b0000,0x00000000168b0000)]
  0x000000001534a800 JavaThread "Finalizer" daemon [_thread_blocked, id=13388, stack(0x00000000165d0000,0x00000000166d0000)]
  0x0000000002c90000 JavaThread "Reference Handler" daemon [_thread_blocked, id=13396, stack(0x00000000164d0000,0x00000000165d0000)]
  0x0000000002ba0800 JavaThread "main" [_thread_in_vm, id=14140, stack(0x0000000002a30000,0x0000000002b30000)]

Other Threads:
  0x0000000015327000 VMThread [stack: 0x00000000163d0000,0x00000000164d0000] [id=12976]
  0x0000000016d13800 WatcherThread [stack: 0x00000000171b0000,0x00000000172b0000] [id=13848]

VM state:not at safepoint (normal execution)

VM Mutex/Monitor currently owned by a thread: None

Heap:
 PSYoungGen      total 18944K, used 2623K [0x00000000eb180000, 0x00000000ec680000, 0x0000000100000000)
  eden space 16384K, 16% used [0x00000000eb180000,0x00000000eb40fed8,0x00000000ec180000)
  from space 2560K, 0% used [0x00000000ec400000,0x00000000ec400000,0x00000000ec680000)
  to   space 2560K, 0% used [0x00000000ec180000,0x00000000ec180000,0x00000000ec400000)
 ParOldGen       total 44032K, used 0K [0x00000000c1400000, 0x00000000c3f00000, 0x00000000eb180000)
  object space 44032K, 0% used [0x00000000c1400000,0x00000000c1400000,0x00000000c3f00000)
 Metaspace       used 4831K, capacity 4976K, committed 5120K, reserved 1056768K
  class space    used 573K, capacity 657K, committed 768K, reserved 1048576K

Card table byte_map: [0x0000000012110000,0x0000000012310000] byte_map_base: 0x0000000011b06000

Marking Bits: (ParMarkBitMap*) 0x0000000061e7a6c0
 Begin Bits: [0x0000000012860000, 0x0000000013810000)
 End Bits:   [0x0000000013810000, 0x00000000147c0000)

Polling page: 0x0000000002b30000

CodeCache: size=245760Kb used=1327Kb max_used=1327Kb free=244432Kb
 bounds [0x0000000002d50000, 0x0000000002fc0000, 0x0000000011d50000]
 total_blobs=448 nmethods=168 adapters=193
 compilation: enabled

Compilation events (10 events):
Event: 0.415 Thread 0x000000001536f800 nmethod 146 0x0000000002e8ffd0 code [0x0000000002e901c0, 0x0000000002e90ab0]
Event: 0.416 Thread 0x000000001536f800  147       3       java.lang.String::<init> (10 bytes)
Event: 0.416 Thread 0x000000001536f800 nmethod 147 0x0000000002e8e5d0 code [0x0000000002e8e720, 0x0000000002e8e8f0]
Event: 0.416 Thread 0x000000001536f800  150       3       java.lang.invoke.MethodType::checkPtype (19 bytes)
Event: 0.417 Thread 0x000000001536f800 nmethod 150 0x0000000002e96550 code [0x0000000002e966e0, 0x0000000002e96ab8]
Event: 0.417 Thread 0x000000001536f800  152       3       java.lang.invoke.MethodTypeForm::canonicalize (233 bytes)
Event: 0.420 Thread 0x000000001536f800 nmethod 152 0x0000000002e96dd0 code [0x0000000002e97020, 0x0000000002e97bd8]
Event: 0.420 Thread 0x000000001536f800  154       3       jdk.internal.org.objectweb.asm.Item::isEqualTo (354 bytes)
Event: 0.423 Thread 0x000000001536f800 nmethod 154 0x0000000002e97f90 code [0x0000000002e981c0, 0x0000000002e98e88]
Event: 0.423 Thread 0x000000001536f800  157       3       jdk.internal.org.objectweb.asm.Frame::execute (2252 bytes)

GC Heap History (0 events):
No events

Deoptimization events (0 events):
No events

Internal exceptions (7 events):
Event: 0.093 Thread 0x0000000002ba0800 Exception <a 'java/lang/NoSuchMethodError': Method sun.misc.Unsafe.defineClass(Ljava/lang/String;[BII)Ljava/lang/Class; name or signature does not match> (0x00000000eb187c78) thrown at [C:\re\workspace\8-2-build-windows-amd64-cygwin\jdk8u111\7883\hotspot\
Event: 0.093 Thread 0x0000000002ba0800 Exception <a 'java/lang/NoSuchMethodError': Method sun.misc.Unsafe.prefetchRead(Ljava/lang/Object;J)V name or signature does not match> (0x00000000eb187f60) thrown at [C:\re\workspace\8-2-build-windows-amd64-cygwin\jdk8u111\7883\hotspot\src\share\vm\prims
Event: 0.305 Thread 0x0000000002ba0800 Exception <a 'java/security/PrivilegedActionException'> (0x00000000eb205010) thrown at [C:\re\workspace\8-2-build-windows-amd64-cygwin\jdk8u111\7883\hotspot\src\share\vm\prims\jvm.cpp, line 1386]
Event: 0.305 Thread 0x0000000002ba0800 Exception <a 'java/security/PrivilegedActionException'> (0x00000000eb205220) thrown at [C:\re\workspace\8-2-build-windows-amd64-cygwin\jdk8u111\7883\hotspot\src\share\vm\prims\jvm.cpp, line 1386]
Event: 0.307 Thread 0x0000000002ba0800 Exception <a 'java/security/PrivilegedActionException'> (0x00000000eb208e68) thrown at [C:\re\workspace\8-2-build-windows-amd64-cygwin\jdk8u111\7883\hotspot\src\share\vm\prims\jvm.cpp, line 1386]
Event: 0.307 Thread 0x0000000002ba0800 Exception <a 'java/security/PrivilegedActionException'> (0x00000000eb209078) thrown at [C:\re\workspace\8-2-build-windows-amd64-cygwin\jdk8u111\7883\hotspot\src\share\vm\prims\jvm.cpp, line 1386]
Event: 0.316 Thread 0x0000000002ba0800 Exception <a 'java/io/FileNotFoundException'> (0x00000000eb20b640) thrown at [C:\re\workspace\8-2-build-windows-amd64-cygwin\jdk8u111\7883\hotspot\src\share\vm\prims\jni.cpp, line 709]

Events (10 events):
Event: 0.380 loading class java/lang/invoke/DelegatingMethodHandle
Event: 0.380 loading class java/lang/invoke/DelegatingMethodHandle done
Event: 0.380 loading class java/lang/invoke/MethodHandleImpl$AsVarargsCollector done
Event: 0.381 loading class java/lang/invoke/WrongMethodTypeException
Event: 0.381 loading class java/lang/invoke/WrongMethodTypeException done
Event: 0.387 loading class java/lang/invoke/MethodHandleImpl$Lazy
Event: 0.387 loading class java/lang/invoke/MethodHandleImpl$Lazy done
Event: 0.388 loading class java/lang/invoke/MethodHandleImpl$IntrinsicMethodHandle
Event: 0.388 loading class java/lang/invoke/MethodHandleImpl$IntrinsicMethodHandle done
Event: 0.429 loading class java/lang/NoSuchFieldError


Dynamic libraries:
0x00007ff7d6760000 - 0x00007ff7d6797000 	C:\Program Files\Java\jre1.8.0_111\bin\javaw.exe
0x00007ffe01f30000 - 0x00007ffe020dd000 	C:\Windows\SYSTEM32\ntdll.dll
0x00007ffe015d0000 - 0x00007ffe0170e000 	C:\Windows\system32\KERNEL32.DLL
0x00007ffdff240000 - 0x00007ffdff355000 	C:\Windows\system32\KERNELBASE.dll
0x00007ffdfdc30000 - 0x00007ffdfdcbe000 	C:\Windows\system32\apphelp.dll
0x00007ffde8cb0000 - 0x00007ffde8d03000 	C:\Windows\AppPatch\AppPatch64\AcGenral.DLL
0x00007ffdff810000 - 0x00007ffdff8ba000 	C:\Windows\system32\msvcrt.dll
0x00007ffdff590000 - 0x00007ffdff5be000 	C:\Windows\system32\SspiCli.dll
0x00007ffe01c30000 - 0x00007ffe01c84000 	C:\Windows\system32\SHLWAPI.dll
0x00007ffe01c90000 - 0x00007ffe01e07000 	C:\Windows\system32\USER32.dll
0x00007ffe01710000 - 0x00007ffe018a4000 	C:\Windows\system32\ole32.dll
0x00007ffdff8c0000 - 0x00007ffe00dea000 	C:\Windows\system32\SHELL32.dll
0x00007ffdfe6b0000 - 0x00007ffdfe6d1000 	C:\Windows\SYSTEM32\USERENV.dll
0x00007ffe01b60000 - 0x00007ffe01c0a000 	C:\Windows\system32\ADVAPI32.dll
0x00007ffdf4ba0000 - 0x00007ffdf4bbe000 	C:\Windows\SYSTEM32\MPR.dll
0x00007ffe00e60000 - 0x00007ffe00fa0000 	C:\Windows\system32\RPCRT4.dll
0x00007ffe01570000 - 0x00007ffe015c9000 	C:\Windows\SYSTEM32\sechost.dll
0x00007ffe012a0000 - 0x00007ffe014b1000 	C:\Windows\SYSTEM32\combase.dll
0x00007ffe01150000 - 0x00007ffe0129f000 	C:\Windows\system32\GDI32.dll
0x00007ffdff060000 - 0x00007ffdff075000 	C:\Windows\SYSTEM32\profapi.dll
0x00007ffdfd5b0000 - 0x00007ffdfd662000 	C:\Windows\SYSTEM32\SHCORE.dll
0x00007ffe014c0000 - 0x00007ffe014f6000 	C:\Windows\system32\IMM32.DLL
0x00007ffdff5e0000 - 0x00007ffdff732000 	C:\Windows\system32\MSCTF.dll
0x00007ffdfd160000 - 0x00007ffdfd3db000 	C:\Windows\WinSxS\amd64_microsoft.windows.common-controls_6595b64144ccf1df_6.0.9600.18006_none_623f33d3ecbe86e8\COMCTL32.dll
0x00000000614a0000 - 0x0000000061572000 	C:\Program Files\Java\jre1.8.0_111\bin\msvcr100.dll
0x0000000061660000 - 0x0000000061efa000 	C:\Program Files\Java\jre1.8.0_111\bin\server\jvm.dll
0x00007ffdf55b0000 - 0x00007ffdf55b9000 	C:\Windows\SYSTEM32\WSOCK32.dll
0x00007ffdf69c0000 - 0x00007ffdf69e2000 	C:\Windows\SYSTEM32\WINMM.dll
0x00007ffdf5fe0000 - 0x00007ffdf5fea000 	C:\Windows\SYSTEM32\VERSION.dll
0x00007ffdff800000 - 0x00007ffdff807000 	C:\Windows\system32\PSAPI.DLL
0x00007ffe01510000 - 0x00007ffe0156a000 	C:\Windows\system32\WS2_32.dll
0x00007ffdf6990000 - 0x00007ffdf69ba000 	C:\Windows\SYSTEM32\WINMMBASE.dll
0x00007ffe01c20000 - 0x00007ffe01c29000 	C:\Windows\system32\NSI.dll
0x00007ffdff360000 - 0x00007ffdff3af000 	C:\Windows\SYSTEM32\cfgmgr32.dll
0x00007ffdfdeb0000 - 0x00007ffdfded8000 	C:\Windows\SYSTEM32\DEVOBJ.dll
0x0000000061650000 - 0x000000006165f000 	C:\Program Files\Java\jre1.8.0_111\bin\verify.dll
0x0000000061620000 - 0x0000000061649000 	C:\Program Files\Java\jre1.8.0_111\bin\java.dll
0x0000000061600000 - 0x0000000061616000 	C:\Program Files\Java\jre1.8.0_111\bin\zip.dll
0x0000000061300000 - 0x0000000061498000 	C:\Program Files\Java\jre1.8.0_111\bin\awt.dll
0x00007ffe018b0000 - 0x00007ffe01976000 	C:\Windows\system32\OLEAUT32.dll

VM Arguments:
jvm_args: -Dfile.encoding=Cp1252 
java_command: DetailCus
java_class_path (initial): E:\Tour_&_Travels\Tour_Travel\bin
Launcher Type: SUN_STANDARD

Environment Variables:
CLASSPATH=C:\Program Files\Java\jdk1.7.0_67\bin
PATH=C:/Program Files/Java/jre1.8.0_111/bin/server;C:/Program Files/Java/jre1.8.0_111/bin;C:/Program Files/Java/jre1.8.0_111/lib/amd64;C:\ProgramData\Oracle\Java\javapath;C:\Windows\system32;C:\Windows;C:\Windows\system32\Wbem;C:\Windows\System32\windowsPowerShell\v1.0\;C:\Program Files\Java\jdk1.7.0_67\bin;C:\Program Files (x86)\Skype\Phone\;C:\Program Files (x86)\MySQL\MySQL Server 5.1\bin;C:\Program Files (x86)\Common Files\lenovo\easyplussdk\bin;C:\Program Files (x86)\Microsoft SQL Server\100\Tools\Binn\;C:\Program Files\Microsoft SQL Server\100\Tools\Binn\;C:\Program Files\Microsoft SQL Server\100\DTS\Binn\;C:\Program Files\Microsoft SQL Server\120\Tools\Binn\;;D:\eclipse;
USERNAME=negi1988.pradeep
OS=Windows_NT
PROCESSOR_IDENTIFIER=Intel64 Family 6 Model 61 Stepping 4, GenuineIntel



---------------  S Y S T E M  ---------------

OS: Windows 8.1 , 64 bit Build 9600 (6.3.9600.17415)

CPU:total 4 (2 cores per cpu, 2 threads per core) family 6 model 61 stepping 4, cmov, cx8, fxsr, mmx, sse, sse2, sse3, ssse3, sse4.1, sse4.2, popcnt, avx, avx2, aes, clmul, erms, 3dnowpref, lzcnt, ht, tsc, tscinvbit, bmi1, bmi2, adx

Memory: 4k page, physical 4111920k(641848k free), swap 16694832k(3984k free)

vm_info: Java HotSpot(TM) 64-Bit Server VM (25.111-b14) for windows-amd64 JRE (1.8.0_111-b14), built on Sep 22 2016 19:24:05 by "java_re" with MS VC++ 10.0 (VS2010)

time: Thu Dec 01 09:25:41 2016
elapsed time: 0 seconds (0d 0h 0m 0s)

