#
# There is insufficient memory for the Java Runtime Environment to continue.
# Native memory allocation (malloc) failed to allocate 1048576 bytes for AllocateHeap
# Possible reasons:
#   The system is out of physical RAM or swap space
#   In 32 bit mode, the process size limit was hit
# Possible solutions:
#   Reduce memory load on the system
#   Increase physical memory or swap space
#   Check if swap backing store is full
#   Use 64 bit Java on a 64 bit OS
#   Decrease Java heap size (-Xmx/-Xms)
#   Decrease number of Java threads
#   Decrease Java thread stack sizes (-Xss)
#   Set larger code cache with -XX:ReservedCodeCacheSize=
# This output file may be truncated or incomplete.
#
#  Out of Memory Error (memory/allocation.inline.hpp:61), pid=9100, tid=0x0000000000002ef8
#
# JRE version:  (8.0_111-b14) (build )
# Java VM: Java HotSpot(TM) 64-Bit Server VM (25.111-b14 mixed mode windows-amd64 compressed oops)
# Failed to write core dump. Minidumps are not enabled by default on client versions of Windows
#

---------------  T H R E A D  ---------------

Current thread (0x0000000001fa0800):  JavaThread "Unknown thread" [_thread_in_vm, id=12024, stack(0x0000000001ea0000,0x0000000001fa0000)]

Stack: [0x0000000001ea0000,0x0000000001fa0000]
[error occurred during error reporting (printing stack bounds), id 0xc0000005]

Native frames: (J=compiled Java code, j=interpreted, Vv=VM code, C=native code)


---------------  P R O C E S S  ---------------

Java Threads: ( => current thread )

Other Threads:

=>0x0000000001fa0800 (exited) JavaThread "Unknown thread" [_thread_in_vm, id=12024, stack(0x0000000001ea0000,0x0000000001fa0000)]

VM state:not at safepoint (normal execution)

VM Mutex/Monitor currently owned by a thread: None

Heap:
 PSYoungGen      total 18944K, used 327K [0x00000000eb180000, 0x00000000ec680000, 0x0000000100000000)
  eden space 16384K, 2% used [0x00000000eb180000,0x00000000eb1d1ec8,0x00000000ec180000)
  from space 2560K, 0% used [0x00000000ec400000,0x00000000ec400000,0x00000000ec680000)
  to   space 2560K, 0% used [0x00000000ec180000,0x00000000ec180000,0x00000000ec400000)
 ParOldGen       total 44032K, used 0K [0x00000000c1400000, 0x00000000c3f00000, 0x00000000eb180000)
  object space 44032K, 0% used [0x00000000c1400000,0x00000000c1400000,0x00000000c3f00000)
 Metaspace       used 746K, capacity 4480K, committed 4480K, reserved 1056768K
  class space    used 75K, capacity 384K, committed 384K, reserved 1048576K

Card table byte_map: [0x0000000011460000,0x0000000011660000] byte_map_base: 0x0000000010e56000

Marking Bits: (ParMarkBitMap*) 0x0000000061e7a6c0
 Begin Bits: [0x0000000011bb0000, 0x0000000012b60000)
 End Bits:   [0x0000000012b60000, 0x0000000013b10000)

Polling page: 0x00000000004c0000

CodeCache: size=245760Kb used=328Kb max_used=328Kb free=245431Kb
 bounds [0x00000000020a0000, 0x0000000002310000, 0x00000000110a0000]
 total_blobs=58 nmethods=0 adapters=38
 compilation: enabled

Compilation events (0 events):
No events

GC Heap History (0 events):
No events

Deoptimization events (0 events):
No events

Internal exceptions (0 events):
No events

Events (10 events):
Event: 0.061 loading class java/lang/Short
Event: 0.062 loading class java/lang/Short done
Event: 0.062 loading class java/lang/Integer
Event: 0.062 loading class java/lang/Integer done
Event: 0.062 loading class java/lang/Long
Event: 0.062 loading class java/lang/Long done
Event: 0.064 loading class java/lang/NullPointerException
Event: 0.064 loading class java/lang/NullPointerException done
Event: 0.064 loading class java/lang/ArithmeticException
Event: 0.064 loading class java/lang/ArithmeticException done


Dynamic libraries:
0x00007ff7d6760000 - 0x00007ff7d6797000 	C:\Program Files\Java\jre1.8.0_111\bin\javaw.exe
0x00007ffe01f30000 - 0x00007ffe020dd000 	C:\Windows\SYSTEM32\ntdll.dll
0x00007ffe015d0000 - 0x00007ffe0170e000 	C:\Windows\system32\KERNEL32.DLL
0x00007ffdff240000 - 0x00007ffdff355000 	C:\Windows\system32\KERNELBASE.dll
0x00007ffdfdc30000 - 0x00007ffdfdcbe000 	C:\Windows\system32\apphelp.dll
0x00007ffde8cb0000 - 0x00007ffde8d03000 	C:\Windows\AppPatch\AppPatch64\AcGenral.DLL
0x00007ffdff810000 - 0x00007ffdff8ba000 	C:\Windows\system32\msvcrt.dll
0x00007ffdff590000 - 0x00007ffdff5be000 	C:\Windows\system32\SspiCli.dll
0x00007ffe01c30000 - 0x00007ffe01c84000 	C:\Windows\system32\SHLWAPI.dll
0x00007ffe01c90000 - 0x00007ffe01e07000 	C:\Windows\system32\USER32.dll
0x00007ffe01710000 - 0x00007ffe018a4000 	C:\Windows\system32\ole32.dll
0x00007ffdff8c0000 - 0x00007ffe00dea000 	C:\Windows\system32\SHELL32.dll
0x00007ffdfe6b0000 - 0x00007ffdfe6d1000 	C:\Windows\SYSTEM32\USERENV.dll
0x00007ffe01b60000 - 0x00007ffe01c0a000 	C:\Windows\system32\ADVAPI32.dll
0x00007ffdf4ba0000 - 0x00007ffdf4bbe000 	C:\Windows\SYSTEM32\MPR.dll
0x00007ffe00e60000 - 0x00007ffe00fa0000 	C:\Windows\system32\RPCRT4.dll
0x00007ffe01570000 - 0x00007ffe015c9000 	C:\Windows\SYSTEM32\sechost.dll
0x00007ffe012a0000 - 0x00007ffe014b1000 	C:\Windows\SYSTEM32\combase.dll
0x00007ffe01150000 - 0x00007ffe0129f000 	C:\Windows\system32\GDI32.dll
0x00007ffdff060000 - 0x00007ffdff075000 	C:\Windows\SYSTEM32\profapi.dll
0x00007ffdfd5b0000 - 0x00007ffdfd662000 	C:\Windows\SYSTEM32\SHCORE.dll
0x00007ffe014c0000 - 0x00007ffe014f6000 	C:\Windows\system32\IMM32.DLL
0x00007ffdff5e0000 - 0x00007ffdff732000 	C:\Windows\system32\MSCTF.dll
0x00007ffdfd160000 - 0x00007ffdfd3db000 	C:\Windows\WinSxS\amd64_microsoft.windows.common-controls_6595b64144ccf1df_6.0.9600.18006_none_623f33d3ecbe86e8\COMCTL32.dll
0x00000000614a0000 - 0x0000000061572000 	C:\Program Files\Java\jre1.8.0_111\bin\msvcr100.dll
0x0000000061660000 - 0x0000000061efa000 	C:\Program Files\Java\jre1.8.0_111\bin\server\jvm.dll
0x00007ffdf55b0000 - 0x00007ffdf55b9000 	C:\Windows\SYSTEM32\WSOCK32.dll
0x00007ffdf69c0000 - 0x00007ffdf69e2000 	C:\Windows\SYSTEM32\WINMM.dll
0x00007ffdf5fe0000 - 0x00007ffdf5fea000 	C:\Windows\SYSTEM32\VERSION.dll
0x00007ffdff800000 - 0x00007ffdff807000 	C:\Windows\system32\PSAPI.DLL
0x00007ffe01510000 - 0x00007ffe0156a000 	C:\Windows\system32\WS2_32.dll
0x00007ffdf6990000 - 0x00007ffdf69ba000 	C:\Windows\SYSTEM32\WINMMBASE.dll
0x00007ffe01c20000 - 0x00007ffe01c29000 	C:\Windows\system32\NSI.dll
0x00007ffdff360000 - 0x00007ffdff3af000 	C:\Windows\SYSTEM32\cfgmgr32.dll
0x00007ffdfdeb0000 - 0x00007ffdfded8000 	C:\Windows\SYSTEM32\DEVOBJ.dll
0x0000000061650000 - 0x000000006165f000 	C:\Program Files\Java\jre1.8.0_111\bin\verify.dll
0x0000000061620000 - 0x0000000061649000 	C:\Program Files\Java\jre1.8.0_111\bin\java.dll
0x0000000061600000 - 0x0000000061616000 	C:\Program Files\Java\jre1.8.0_111\bin\zip.dll

VM Arguments:
jvm_args: -Dfile.encoding=Cp1252 
java_command: CustomerDetails
java_class_path (initial): E:\Tour_&_Travels\Tour_Travel\bin
Launcher Type: SUN_STANDARD

Environment Variables:
CLASSPATH=C:\Program Files\Java\jdk1.7.0_67\bin
PATH=C:/Program Files/Java/jre1.8.0_111/bin/server;C:/Program Files/Java/jre1.8.0_111/bin;C:/Program Files/Java/jre1.8.0_111/lib/amd64;C:\ProgramData\Oracle\Java\javapath;C:\Windows\system32;C:\Windows;C:\Windows\system32\Wbem;C:\Windows\System32\windowsPowerShell\v1.0\;C:\Program Files\Java\jdk1.7.0_67\bin;C:\Program Files (x86)\Skype\Phone\;C:\Program Files (x86)\MySQL\MySQL Server 5.1\bin;C:\Program Files (x86)\Common Files\lenovo\easyplussdk\bin;C:\Program Files (x86)\Microsoft SQL Server\100\Tools\Binn\;C:\Program Files\Microsoft SQL Server\100\Tools\Binn\;C:\Program Files\Microsoft SQL Server\100\DTS\Binn\;C:\Program Files\Microsoft SQL Server\120\Tools\Binn\;;D:\eclipse;
USERNAME=negi1988.pradeep
OS=Windows_NT
PROCESSOR_IDENTIFIER=Intel64 Family 6 Model 61 Stepping 4, GenuineIntel



---------------  S Y S T E M  ---------------

OS: Windows 8.1 , 64 bit Build 9600 (6.3.9600.17415)

CPU:total 4 (2 cores per cpu, 2 threads per core) family 6 model 61 stepping 4, cmov, cx8, fxsr, mmx, sse, sse2, sse3, ssse3, sse4.1, sse4.2, popcnt, avx, avx2, aes, clmul, erms, 3dnowpref, lzcnt, ht, tsc, tscinvbit, bmi1, bmi2, adx

Memory: 4k page, physical 4111920k(928456k free), swap 16694832k(5360k free)

vm_info: Java HotSpot(TM) 64-Bit Server VM (25.111-b14) for windows-amd64 JRE (1.8.0_111-b14), built on Sep 22 2016 19:24:05 by "java_re" with MS VC++ 10.0 (VS2010)

time: Thu Dec 01 09:35:55 2016
elapsed time: 0 seconds (0d 0h 0m 0s)

